{
  "moreInfo": "https://tenon.io/documentation/understanding-response-codes.php#success",
  "resultUrl": "https://tenon.io/history.php?responseID=8b658e44681c9fa2b2537bd2820ec821",
  "code": "success",
  "clientScriptErrors": [],
  "urlHttpCode": 200,
  "status": 200,
  "sourceHash": "71019168095fa09e7486041067c86ddc",
  "resultSummary": {
    "tests": {
      "total": 74,
      "passing": 72,
      "failing": 2
    },
    "issuesByLevel": {
      "AAA": {
        "pct": 100,
        "count": 10
      },
      "AA": {
        "pct": 0,
        "count": 0
      },
      "A": {
        "pct": 100,
        "count": 10
      }
    },
    "issues": {
      "totalWarnings": 0,
      "totalIssues": 10,
      "totalErrors": 10
    },
    "density": {
      "warningDensity": 0,
      "errorDensity": 16,
      "allDensity": 16
    }
  },
  "apiErrors": [],
  "documentSize": 65363,
  "globalStats": {
    "stdDev": "308",
    "allDensity": "92",
    "warningDensity": "3",
    "errorDensity": "88"
  },
  "message": "success",
  "request": {
    "viewport": {
      "width": 1024,
      "height": 768
    },
    "store": 1,
    "fragment": 0,
    "waitFor": null,
    "priority": 0,
    "certainty": 0,
    "level": "AAA",
    "url": "https://tenon--journal.elifesciences.org:8443/",
    "ref": "1",
    "importance": "1",
    "responseID": "8b658e44681c9fa2b2537bd2820ec821",
    "userID": "5950",
    "uaString": null,
    "projectID": "DEFAULT_PROJECT",
    "docID": "EE260DA6-12DC-FAAE-C8E4-5402E7F30474"
  },
  "responseExecTime": "1.52",
  "responseTime": "2017-10-03T15:42:40+0000",
  "resultSet": [
    {
      "xpath": "/html/body/div[1]/div[2]/main[1]/div[5]/div[1]/div[2]/div[1]/div[1]/ol[1]/li[1]/div[1]/header[1]/a[1]",
      "viewPortLocation": {
        "width": 0,
        "top-left": {
          "y": 3094,
          "x": 143.75
        },
        "height": 0,
        "bottom-right": {
          "y": 3094,
          "x": 143.75
        }
      },
      "tID": 57,
      "standards": [
        "Web Content Accessibility Guidelines (WCAG) 2.0, Level A: 2.4.4 Link Purpose (In Context)",
        "Web Content Accessibility Guidelines (WCAG) 2.0, Level AAA: 2.4.9 Link Purpose (Link Only)"
      ],
      "signature": "c33dbfd8703cf36ce0e79c2b10577792",
      "resultTitle": "Make sure that link text (and the alternate text for any images that are used as links) describes the destination or purpose of the link.",
      "ref": "https://tenon.io/bestpractice.php?bpID=106&tID=57",
      "bpID": 106,
      "certainty": 100,
      "errorDescription": "This link has no text in it. Because accessibility APIs use a link's text to determine its accessible name, this link will not have an accessible name, and it will not be announced by assistive technologies. Add text within this link or use `aria-label` to give the link an accessible name.",
      "errorSnippet": "&lt;a href=\"/articles/05770\" tabindex=\"-1\"&gt;&lt;img src=\"https://iiif.elifesciences.org/lax:05770/elife-05770-fig1-v1.tif/0,568,2740,2740/70,70/0/default.jpg\" alt=\"\" srcset=\"https://iiif.elifesciences.org/lax:05770/elife-05770-fig1-v1.tif/0,568,2740,27",
      "errorTitle": "This link has no text inside it.",
      "issueID": "8f7e4f48fc91caede1f574ba9820dde4",
      "position": {
        "line": 950,
        "column": 27
      },
      "priority": 100
    },
    {
      "xpath": "/html/body/div[1]/div[2]/main[1]/div[5]/div[1]/div[2]/div[1]/div[1]/ol[1]/li[2]/div[1]/header[1]/a[1]",
      "viewPortLocation": {
        "width": 0,
        "top-left": {
          "y": 3237,
          "x": 143.75
        },
        "height": 0,
        "bottom-right": {
          "y": 3237,
          "x": 143.75
        }
      },
      "tID": 57,
      "standards": [
        "Web Content Accessibility Guidelines (WCAG) 2.0, Level A: 2.4.4 Link Purpose (In Context)",
        "Web Content Accessibility Guidelines (WCAG) 2.0, Level AAA: 2.4.9 Link Purpose (Link Only)"
      ],
      "signature": "5503b47a5c63a8cddd5792ceccab2694",
      "resultTitle": "Make sure that link text (and the alternate text for any images that are used as links) describes the destination or purpose of the link.",
      "ref": "https://tenon.io/bestpractice.php?bpID=106&tID=57",
      "bpID": 106,
      "certainty": 100,
      "errorDescription": "This link has no text in it. Because accessibility APIs use a link's text to determine its accessible name, this link will not have an accessible name, and it will not be announced by assistive technologies. Add text within this link or use `aria-label` to give the link an accessible name.",
      "errorSnippet": "&lt;a href=\"/articles/16846\" tabindex=\"-1\"&gt;&lt;img src=\"https://iiif.elifesciences.org/lax:16846/elife-16846-fig1-v1.tif/153,0,2647,2647/70,70/0/default.jpg\" alt=\"\" srcset=\"https://iiif.elifesciences.org/lax:16846/elife-16846-fig1-v1.tif/153,0,2647,26",
      "errorTitle": "This link has no text inside it.",
      "issueID": "9726344c87c344f9b66bfe4698ebfd31",
      "position": {
        "line": 969,
        "column": 27
      },
      "priority": 100
    },
    {
      "xpath": "/html/body/div[1]/div[2]/main[1]/div[5]/div[1]/div[2]/div[1]/div[1]/ol[1]/li[3]/div[1]/header[1]/a[1]",
      "viewPortLocation": {
        "width": 0,
        "top-left": {
          "y": 3404,
          "x": 143.75
        },
        "height": 0,
        "bottom-right": {
          "y": 3404,
          "x": 143.75
        }
      },
      "tID": 57,
      "standards": [
        "Web Content Accessibility Guidelines (WCAG) 2.0, Level A: 2.4.4 Link Purpose (In Context)",
        "Web Content Accessibility Guidelines (WCAG) 2.0, Level AAA: 2.4.9 Link Purpose (Link Only)"
      ],
      "signature": "dba2b996831b6c74068ead227813f22e",
      "resultTitle": "Make sure that link text (and the alternate text for any images that are used as links) describes the destination or purpose of the link.",
      "ref": "https://tenon.io/bestpractice.php?bpID=106&tID=57",
      "bpID": 106,
      "certainty": 100,
      "errorDescription": "This link has no text in it. Because accessibility APIs use a link's text to determine its accessible name, this link will not have an accessible name, and it will not be announced by assistive technologies. Add text within this link or use `aria-label` to give the link an accessible name.",
      "errorSnippet": "&lt;a href=\"/articles/10627\" tabindex=\"-1\"&gt;&lt;img src=\"https://iiif.elifesciences.org/lax:09560/elife-09560-fig1-v1.tif/0,260,4194,4194/70,70/0/default.jpg\" alt=\"\" srcset=\"https://iiif.elifesciences.org/lax:09560/elife-09560-fig1-v1.tif/0,260,4194,41",
      "errorTitle": "This link has no text inside it.",
      "issueID": "8a6537d3305c9ad0912b5b500f7133d9",
      "position": {
        "line": 993,
        "column": 27
      },
      "priority": 100
    },
    {
      "xpath": "/html/body/div[1]/div[2]/main[1]/div[5]/div[1]/div[2]/div[1]/div[1]/ol[1]/li[6]/div[1]/header[1]/a[1]",
      "viewPortLocation": {
        "width": 0,
        "top-left": {
          "y": 3833,
          "x": 143.75
        },
        "height": 0,
        "bottom-right": {
          "y": 3833,
          "x": 143.75
        }
      },
      "tID": 57,
      "standards": [
        "Web Content Accessibility Guidelines (WCAG) 2.0, Level A: 2.4.4 Link Purpose (In Context)",
        "Web Content Accessibility Guidelines (WCAG) 2.0, Level AAA: 2.4.9 Link Purpose (Link Only)"
      ],
      "signature": "90adbb9a2fc56b4fda2f3f6a6dfad87c",
      "resultTitle": "Make sure that link text (and the alternate text for any images that are used as links) describes the destination or purpose of the link.",
      "ref": "https://tenon.io/bestpractice.php?bpID=106&tID=57",
      "bpID": 106,
      "certainty": 100,
      "errorDescription": "This link has no text in it. Because accessibility APIs use a link's text to determine its accessible name, this link will not have an accessible name, and it will not be announced by assistive technologies. Add text within this link or use `aria-label` to give the link an accessible name.",
      "errorSnippet": "&lt;a href=\"/collections/tropical-disease/tropical-disease\" tabindex=\"-1\"&gt;&lt;img src=\"https://iiif.elifesciences.org/journal-cms:collection/2015-09/2d2e35c4-tropical-disease-elife-collections.png/470,0,861,861/70,70/0/default.png\" alt=\"\" srcset=\"http",
      "errorTitle": "This link has no text inside it.",
      "issueID": "87d8a31fb3815e04c576a7d362a38a7d",
      "position": {
        "line": 1050,
        "column": 27
      },
      "priority": 100
    },
    {
      "xpath": "/html/body/div[1]/div[2]/main[1]/div[5]/div[1]/div[2]/div[1]/div[1]/ol[1]/li[7]/div[1]/header[1]/a[1]",
      "viewPortLocation": {
        "width": 0,
        "top-left": {
          "y": 3976,
          "x": 143.75
        },
        "height": 0,
        "bottom-right": {
          "y": 3976,
          "x": 143.75
        }
      },
      "tID": 57,
      "standards": [
        "Web Content Accessibility Guidelines (WCAG) 2.0, Level A: 2.4.4 Link Purpose (In Context)",
        "Web Content Accessibility Guidelines (WCAG) 2.0, Level AAA: 2.4.9 Link Purpose (Link Only)"
      ],
      "signature": "83b1d65abbff744d36c530597e1a9514",
      "resultTitle": "Make sure that link text (and the alternate text for any images that are used as links) describes the destination or purpose of the link.",
      "ref": "https://tenon.io/bestpractice.php?bpID=106&tID=57",
      "bpID": 106,
      "certainty": 100,
      "errorDescription": "This link has no text in it. Because accessibility APIs use a link's text to determine its accessible name, this link will not have an accessible name, and it will not be announced by assistive technologies. Add text within this link or use `aria-label` to give the link an accessible name.",
      "errorSnippet": "&lt;a href=\"/podcast/episode4\" tabindex=\"-1\"&gt;&lt;img src=\"https://iiif.elifesciences.org/journal-cms:podcast_episode/2017-04/episode-4-elife-podcast.png/450,0,900,900/70,70/0/default.png\" alt=\"\" srcset=\"https://iiif.elifesciences.org/journal-cms:podca",
      "errorTitle": "This link has no text inside it.",
      "issueID": "e0dae1ba6d1a233c6a13c5ef413cbc0b",
      "position": {
        "line": 1069,
        "column": 27
      },
      "priority": 100
    },
    {
      "xpath": "/html/body/div[1]/div[2]/main[1]/div[5]/div[1]/div[2]/div[1]/div[1]/ol[1]/li[1]/div[1]/header[1]/a[1]",
      "viewPortLocation": {
        "width": 0,
        "top-left": {
          "y": 3094,
          "x": 143.75
        },
        "height": 0,
        "bottom-right": {
          "y": 3094,
          "x": 143.75
        }
      },
      "tID": 138,
      "standards": [
        "Web Content Accessibility Guidelines (WCAG) 2.0, Level A: 2.4.4 Link Purpose (In Context)",
        "Web Content Accessibility Guidelines (WCAG) 2.0, Level AAA: 2.4.9 Link Purpose (Link Only)"
      ],
      "signature": "c1fbde99ffe282e21aec9e192047f7c8",
      "resultTitle": "Make sure that link text (and the alternate text for any images that are used as links) describes the destination or purpose of the link.",
      "ref": "https://tenon.io/bestpractice.php?bpID=106&tID=138",
      "bpID": 106,
      "certainty": 100,
      "errorDescription": "The alt attribute value for this image is identical to the other text within the link. In this case the alt attribute should be blank.",
      "errorSnippet": "&lt;a href=\"/articles/05770\" tabindex=\"-1\"&gt;&lt;img src=\"https://iiif.elifesciences.org/lax:05770/elife-05770-fig1-v1.tif/0,568,2740,2740/70,70/0/default.jpg\" alt=\"\" srcset=\"https://iiif.elifesciences.org/lax:05770/elife-05770-fig1-v1.tif/0,568,2740,27",
      "errorTitle": "Image link alt text repeats text in the link",
      "issueID": "c8d41d34447f7d3d2de140f3e63f0ef3",
      "position": {
        "line": 950,
        "column": 27
      },
      "priority": 100
    },
    {
      "xpath": "/html/body/div[1]/div[2]/main[1]/div[5]/div[1]/div[2]/div[1]/div[1]/ol[1]/li[2]/div[1]/header[1]/a[1]",
      "viewPortLocation": {
        "width": 0,
        "top-left": {
          "y": 3237,
          "x": 143.75
        },
        "height": 0,
        "bottom-right": {
          "y": 3237,
          "x": 143.75
        }
      },
      "tID": 138,
      "standards": [
        "Web Content Accessibility Guidelines (WCAG) 2.0, Level A: 2.4.4 Link Purpose (In Context)",
        "Web Content Accessibility Guidelines (WCAG) 2.0, Level AAA: 2.4.9 Link Purpose (Link Only)"
      ],
      "signature": "4cab427efd5d8775ec7441dd65ea4ba3",
      "resultTitle": "Make sure that link text (and the alternate text for any images that are used as links) describes the destination or purpose of the link.",
      "ref": "https://tenon.io/bestpractice.php?bpID=106&tID=138",
      "bpID": 106,
      "certainty": 100,
      "errorDescription": "The alt attribute value for this image is identical to the other text within the link. In this case the alt attribute should be blank.",
      "errorSnippet": "&lt;a href=\"/articles/16846\" tabindex=\"-1\"&gt;&lt;img src=\"https://iiif.elifesciences.org/lax:16846/elife-16846-fig1-v1.tif/153,0,2647,2647/70,70/0/default.jpg\" alt=\"\" srcset=\"https://iiif.elifesciences.org/lax:16846/elife-16846-fig1-v1.tif/153,0,2647,26",
      "errorTitle": "Image link alt text repeats text in the link",
      "issueID": "bf9ab6e0cdd498268aa462142bdcc576",
      "position": {
        "line": 969,
        "column": 27
      },
      "priority": 100
    },
    {
      "xpath": "/html/body/div[1]/div[2]/main[1]/div[5]/div[1]/div[2]/div[1]/div[1]/ol[1]/li[3]/div[1]/header[1]/a[1]",
      "viewPortLocation": {
        "width": 0,
        "top-left": {
          "y": 3404,
          "x": 143.75
        },
        "height": 0,
        "bottom-right": {
          "y": 3404,
          "x": 143.75
        }
      },
      "tID": 138,
      "standards": [
        "Web Content Accessibility Guidelines (WCAG) 2.0, Level A: 2.4.4 Link Purpose (In Context)",
        "Web Content Accessibility Guidelines (WCAG) 2.0, Level AAA: 2.4.9 Link Purpose (Link Only)"
      ],
      "signature": "3e75ad214dab245fd29ce25405d0542a",
      "resultTitle": "Make sure that link text (and the alternate text for any images that are used as links) describes the destination or purpose of the link.",
      "ref": "https://tenon.io/bestpractice.php?bpID=106&tID=138",
      "bpID": 106,
      "certainty": 100,
      "errorDescription": "The alt attribute value for this image is identical to the other text within the link. In this case the alt attribute should be blank.",
      "errorSnippet": "&lt;a href=\"/articles/10627\" tabindex=\"-1\"&gt;&lt;img src=\"https://iiif.elifesciences.org/lax:09560/elife-09560-fig1-v1.tif/0,260,4194,4194/70,70/0/default.jpg\" alt=\"\" srcset=\"https://iiif.elifesciences.org/lax:09560/elife-09560-fig1-v1.tif/0,260,4194,41",
      "errorTitle": "Image link alt text repeats text in the link",
      "issueID": "36074331f9c0738889d600836e390915",
      "position": {
        "line": 993,
        "column": 27
      },
      "priority": 100
    },
    {
      "xpath": "/html/body/div[1]/div[2]/main[1]/div[5]/div[1]/div[2]/div[1]/div[1]/ol[1]/li[6]/div[1]/header[1]/a[1]",
      "viewPortLocation": {
        "width": 0,
        "top-left": {
          "y": 3833,
          "x": 143.75
        },
        "height": 0,
        "bottom-right": {
          "y": 3833,
          "x": 143.75
        }
      },
      "tID": 138,
      "standards": [
        "Web Content Accessibility Guidelines (WCAG) 2.0, Level A: 2.4.4 Link Purpose (In Context)",
        "Web Content Accessibility Guidelines (WCAG) 2.0, Level AAA: 2.4.9 Link Purpose (Link Only)"
      ],
      "signature": "20a67dfbd47fe85f3c413247c174d6ad",
      "resultTitle": "Make sure that link text (and the alternate text for any images that are used as links) describes the destination or purpose of the link.",
      "ref": "https://tenon.io/bestpractice.php?bpID=106&tID=138",
      "bpID": 106,
      "certainty": 100,
      "errorDescription": "The alt attribute value for this image is identical to the other text within the link. In this case the alt attribute should be blank.",
      "errorSnippet": "&lt;a href=\"/collections/tropical-disease/tropical-disease\" tabindex=\"-1\"&gt;&lt;img src=\"https://iiif.elifesciences.org/journal-cms:collection/2015-09/2d2e35c4-tropical-disease-elife-collections.png/470,0,861,861/70,70/0/default.png\" alt=\"\" srcset=\"http",
      "errorTitle": "Image link alt text repeats text in the link",
      "issueID": "6fec8d5f6ade2fc4d42b8b1841e548e9",
      "position": {
        "line": 1050,
        "column": 27
      },
      "priority": 100
    },
    {
      "xpath": "/html/body/div[1]/div[2]/main[1]/div[5]/div[1]/div[2]/div[1]/div[1]/ol[1]/li[7]/div[1]/header[1]/a[1]",
      "viewPortLocation": {
        "width": 0,
        "top-left": {
          "y": 3976,
          "x": 143.75
        },
        "height": 0,
        "bottom-right": {
          "y": 3976,
          "x": 143.75
        }
      },
      "tID": 138,
      "standards": [
        "Web Content Accessibility Guidelines (WCAG) 2.0, Level A: 2.4.4 Link Purpose (In Context)",
        "Web Content Accessibility Guidelines (WCAG) 2.0, Level AAA: 2.4.9 Link Purpose (Link Only)"
      ],
      "signature": "b6c97c5341ff3b0219840c9ddcba0ea6",
      "resultTitle": "Make sure that link text (and the alternate text for any images that are used as links) describes the destination or purpose of the link.",
      "ref": "https://tenon.io/bestpractice.php?bpID=106&tID=138",
      "bpID": 106,
      "certainty": 100,
      "errorDescription": "The alt attribute value for this image is identical to the other text within the link. In this case the alt attribute should be blank.",
      "errorSnippet": "&lt;a href=\"/podcast/episode4\" tabindex=\"-1\"&gt;&lt;img src=\"https://iiif.elifesciences.org/journal-cms:podcast_episode/2017-04/episode-4-elife-podcast.png/450,0,900,900/70,70/0/default.png\" alt=\"\" srcset=\"https://iiif.elifesciences.org/journal-cms:podca",
      "errorTitle": "Image link alt text repeats text in the link",
      "issueID": "29af79a071ef0a1548eb884b3dbd4ec3",
      "position": {
        "line": 1069,
        "column": 27
      },
      "priority": 100
    }
  ]
}
