{
  "moreInfo": "https://tenon.io/documentation/understanding-response-codes.php#success",
  "resultUrl": "https://tenon.io/history.php?responseID=fb06fc57f6358f6720567a31961731df",
  "code": "success",
  "clientScriptErrors": [],
  "urlHttpCode": 200,
  "status": 200,
  "sourceHash": "f977e0aae252a7ae1b9465eb8239fd3c",
  "resultSummary": {
    "tests": {
      "total": 74,
      "passing": 74,
      "failing": 0
    },
    "issuesByLevel": {
      "AAA": {
        "count": 0
      },
      "AA": {
        "count": 0
      },
      "A": {
        "count": 0
      }
    },
    "issues": {
      "totalWarnings": 0,
      "totalIssues": 0,
      "totalErrors": 0
    },
    "density": {
      "warningDensity": 0,
      "errorDensity": 0,
      "allDensity": 0
    }
  },
  "apiErrors": [],
  "documentSize": 27638,
  "globalStats": {
    "stdDev": "308",
    "allDensity": "92",
    "warningDensity": "3",
    "errorDensity": "88"
  },
  "message": "success",
  "request": {
    "viewport": {
      "width": 1024,
      "height": 768
    },
    "store": 1,
    "fragment": 0,
    "waitFor": null,
    "priority": 0,
    "certainty": 0,
    "level": "AAA",
    "url": "https://tenon--journal.elifesciences.org:8443/about",
    "ref": "1",
    "importance": "1",
    "responseID": "fb06fc57f6358f6720567a31961731df",
    "userID": "5950",
    "uaString": null,
    "projectID": "DEFAULT_PROJECT",
    "docID": "47E5F333-8ED0-2A40-5178-AB964ADE6299"
  },
  "responseExecTime": "0.89",
  "responseTime": "2017-10-03T15:42:42+0000",
  "resultSet": []
}
